0 info it worked if it ends with ok
1 verbose cli [ 'C:\\Program Files\\nodejs\\node.exe',
1 verbose cli   'C:\\Users\\mclar\\AppData\\Roaming\\npm\\node_modules\\npm\\bin\\npm-cli.js',
1 verbose cli   'publish' ]
2 info using npm@3.8.6
3 info using node@v4.4.2
4 verbose publish [ '.' ]
5 silly cache add args [ '.', null ]
6 verbose cache add spec .
7 silly cache add parsed spec Result {
7 silly cache add   raw: '.',
7 silly cache add   scope: null,
7 silly cache add   name: null,
7 silly cache add   rawSpec: '.',
7 silly cache add   spec: 'C:\\src\\generator-react-flux-barebones',
7 silly cache add   type: 'directory' }
8 verbose addLocalDirectory C:\Users\mclar\AppData\Roaming\npm-cache\generator-react-flux-barebones\0.1.0\package.tgz not in flight; packing
9 verbose correctMkdir C:\Users\mclar\AppData\Roaming\npm-cache correctMkdir not in flight; initializing
10 info lifecycle generator-react-flux-barebones@0.1.0~prepublish: generator-react-flux-barebones@0.1.0
11 silly lifecycle generator-react-flux-barebones@0.1.0~prepublish: no script for prepublish, continuing
12 verbose tar pack [ 'C:\\Users\\mclar\\AppData\\Roaming\\npm-cache\\generator-react-flux-barebones\\0.1.0\\package.tgz',
12 verbose tar pack   'C:\\src\\generator-react-flux-barebones' ]
13 verbose tarball C:\Users\mclar\AppData\Roaming\npm-cache\generator-react-flux-barebones\0.1.0\package.tgz
14 verbose folder C:\src\generator-react-flux-barebones
15 verbose addLocalTarball adding from inside cache C:\Users\mclar\AppData\Roaming\npm-cache\generator-react-flux-barebones\0.1.0\package.tgz
16 verbose correctMkdir C:\Users\mclar\AppData\Roaming\npm-cache correctMkdir not in flight; initializing
17 silly cache afterAdd generator-react-flux-barebones@0.1.0
18 verbose afterAdd C:\Users\mclar\AppData\Roaming\npm-cache\generator-react-flux-barebones\0.1.0\package\package.json not in flight; writing
19 verbose correctMkdir C:\Users\mclar\AppData\Roaming\npm-cache correctMkdir not in flight; initializing
20 verbose afterAdd C:\Users\mclar\AppData\Roaming\npm-cache\generator-react-flux-barebones\0.1.0\package\package.json written
21 silly publish { name: 'generator-react-flux-barebones',
21 silly publish   version: '0.1.0',
21 silly publish   description: 'A generator for scaffolding a barebones React.js app with build pipeline and development server',
21 silly publish   repository:
21 silly publish    { type: 'git',
21 silly publish      url: 'git+https://github.com/mclark1129/generator-react-flux-barebones.git' },
21 silly publish   keywords: [ 'yeoman-generator' ],
21 silly publish   author: { name: 'Mike Clar', email: 'mclark1129@gmail.com' },
21 silly publish   bugs:
21 silly publish    { url: 'https://github.com/mclark1129/generator-react-flux-barebones/issues',
21 silly publish      email: 'mclark1129@gmail.com' },
21 silly publish   license: 'ISC',
21 silly publish   files: [ 'app' ],
21 silly publish   devDependencies: { typings: '^0.8.1' },
21 silly publish   readme: '#React / Flux Barebones Generator\r\n\r\nThis generator provides a simple scaffolding of a react.js / flux application, complete with build pipeline and development server.\r\n\r\nSimply run `yo react-flux-barebones` in a new directory, answer a few questions and your application will be good to go.\r\nAfter running `npm install`, run `npm start` to spin up your development server and enable the continuous build pipeline.\r\n\r\nAlternatively, you can use `npm build` to perform a one time build of your app, without watching for changes.  Intended for production deployments.\r\n\r\nThe base application includes the following packages:\r\n\r\n - react.js\r\n - flux\r\n - Development Server: lite-server\r\n - Intellisense: typings \r\n - Build Pipeline: browserify / watchify / babelify with `es2015` and `react` presets',
21 silly publish   readmeFilename: 'README.md',
21 silly publish   gitHead: 'c6d9c047e366db50b30ba2ddfdcdefae0f30d815',
21 silly publish   homepage: 'https://github.com/mclark1129/generator-react-flux-barebones#readme',
21 silly publish   _id: 'generator-react-flux-barebones@0.1.0',
21 silly publish   scripts: {},
21 silly publish   _shasum: '2f1726ab90f813731adeefddbc15184b9fd5985e',
21 silly publish   _from: '.' }
22 verbose getPublishConfig undefined
23 silly mapToRegistry name generator-react-flux-barebones
24 silly mapToRegistry using default registry
25 silly mapToRegistry registry https://registry.npmjs.org/
26 silly mapToRegistry data Result {
26 silly mapToRegistry   raw: 'generator-react-flux-barebones',
26 silly mapToRegistry   scope: null,
26 silly mapToRegistry   name: 'generator-react-flux-barebones',
26 silly mapToRegistry   rawSpec: '',
26 silly mapToRegistry   spec: 'latest',
26 silly mapToRegistry   type: 'tag' }
27 silly mapToRegistry uri https://registry.npmjs.org/generator-react-flux-barebones
28 verbose publish registryBase https://registry.npmjs.org/
29 silly publish uploading C:\Users\mclar\AppData\Roaming\npm-cache\generator-react-flux-barebones\0.1.0\package.tgz
30 verbose request uri https://registry.npmjs.org/generator-react-flux-barebones
31 verbose request sending authorization for write operation
32 info attempt registry request try #1 at 4:19:43 PM
33 verbose request using bearer token for auth
34 verbose request id 41436ac68e846e7e
35 http request PUT https://registry.npmjs.org/generator-react-flux-barebones
36 http 403 https://registry.npmjs.org/generator-react-flux-barebones
37 verbose headers { 'content-type': 'application/json',
37 verbose headers   'cache-control': 'max-age=300',
37 verbose headers   'content-length': '95',
37 verbose headers   'accept-ranges': 'bytes',
37 verbose headers   date: 'Sat, 30 Apr 2016 20:19:39 GMT',
37 verbose headers   via: '1.1 varnish',
37 verbose headers   connection: 'keep-alive',
37 verbose headers   'x-served-by': 'cache-jfk1025-JFK',
37 verbose headers   'x-cache': 'MISS',
37 verbose headers   'x-cache-hits': '0',
37 verbose headers   'x-timer': 'S1462047578.521042,VS0,VE762',
37 verbose headers   vary: 'Accept-Encoding' }
38 verbose request invalidating C:\Users\mclar\AppData\Roaming\npm-cache\registry.npmjs.org\generator-react-flux-barebones on PUT
39 error publish Failed PUT 403
40 verbose stack Error: "You cannot publish over the previously published version 0.1.0." : generator-react-flux-barebones
40 verbose stack     at makeError (C:\Users\mclar\AppData\Roaming\npm\node_modules\npm\node_modules\npm-registry-client\lib\request.js:264:12)
40 verbose stack     at CachingRegistryClient.<anonymous> (C:\Users\mclar\AppData\Roaming\npm\node_modules\npm\node_modules\npm-registry-client\lib\request.js:252:14)
40 verbose stack     at Request._callback (C:\Users\mclar\AppData\Roaming\npm\node_modules\npm\node_modules\npm-registry-client\lib\request.js:172:14)
40 verbose stack     at Request.self.callback (C:\Users\mclar\AppData\Roaming\npm\node_modules\npm\node_modules\request\request.js:199:22)
40 verbose stack     at emitTwo (events.js:87:13)
40 verbose stack     at Request.emit (events.js:172:7)
40 verbose stack     at Request.<anonymous> (C:\Users\mclar\AppData\Roaming\npm\node_modules\npm\node_modules\request\request.js:1036:10)
40 verbose stack     at emitOne (events.js:82:20)
40 verbose stack     at Request.emit (events.js:169:7)
40 verbose stack     at IncomingMessage.<anonymous> (C:\Users\mclar\AppData\Roaming\npm\node_modules\npm\node_modules\request\request.js:963:12)
41 verbose statusCode 403
42 verbose pkgid generator-react-flux-barebones
43 verbose cwd C:\src\generator-react-flux-barebones
44 error Windows_NT 10.0.10586
45 error argv "C:\\Program Files\\nodejs\\node.exe" "C:\\Users\\mclar\\AppData\\Roaming\\npm\\node_modules\\npm\\bin\\npm-cli.js" "publish"
46 error node v4.4.2
47 error npm  v3.8.6
48 error code E403
49 error "You cannot publish over the previously published version 0.1.0." : generator-react-flux-barebones
50 error If you need help, you may report this error at:
50 error     <https://github.com/npm/npm/issues>
51 verbose exit [ 1, true ]
